-------------------------------------------------------------------------------
Test set: com.visionit.automation.Runner.TestRunner
-------------------------------------------------------------------------------
Tests run: 4, Failures: 0, Errors: 4, Skipped: 0, Time elapsed: 9.288 sec <<< FAILURE!
User open the browser and navigate to Url and search for product(E-Commerce website health check)  Time elapsed: 2.775 sec  <<< ERROR!
java.lang.NullPointerException
	at com.visionit.automation.core.WebDriverFactory.getWebDriverForBrowser(WebDriverFactory.java:38)
	at com.visionit.automation.stepdefs.StepDefs.setUp(StepDefs.java:52)

User open the browser and navigate to Url and search for product(E-Commerce website health check)  Time elapsed: 2.778 sec  <<< ERROR!
java.lang.NullPointerException
	at com.visionit.automation.core.WebDriverFactory.quitTheBrowser(WebDriverFactory.java:54)
	at com.visionit.automation.stepdefs.StepDefs.tearDown(StepDefs.java:63)

user click on desired product and check the product details(E-Commerce website health check)  Time elapsed: 0.141 sec  <<< ERROR!
java.lang.NullPointerException
	at com.visionit.automation.core.WebDriverFactory.getWebDriverForBrowser(WebDriverFactory.java:38)
	at com.visionit.automation.stepdefs.StepDefs.setUp(StepDefs.java:52)

user click on desired product and check the product details(E-Commerce website health check)  Time elapsed: 0.145 sec  <<< ERROR!
java.lang.NullPointerException
	at com.visionit.automation.core.WebDriverFactory.quitTheBrowser(WebDriverFactory.java:54)
	at com.visionit.automation.stepdefs.StepDefs.tearDown(StepDefs.java:63)

