<?xml version="1.0" encoding="UTF-8" ?>
<testsuite tests="4" failures="0" name="com.visionit.automation.Runner.TestRunner" time="5.839" errors="4" skipped="0">
  <properties>
[...]
</properties>
  <testcase classname="E-Commerce website health check" name="User open the browser and navigate to Url and search for product" time="2.775">
    <error type="java.lang.NullPointerException">java.lang.NullPointerException
	at com.visionit.automation.core.WebDriverFactory.getWebDriverForBrowser(WebDriverFactory.java:38)
	at com.visionit.automation.stepdefs.StepDefs.setUp(StepDefs.java:52)
</error>
    <system-out>
@ui @healthCheck
Scenario: User open the browser and navigate to Url and search for product # Features/healthCheck.feature:4
[FATAL] 2022-06-23 14:37:46.195 [main] WebDriverFactory - No such browser is implemented, browser name is: opera
      java.lang.NullPointerException
	at com.visionit.automation.core.WebDriverFactory.getWebDriverForBrowser(WebDriverFactory.java:38)
	at com.visionit.automation.stepdefs.StepDefs.setUp(StepDefs.java:52)

  Given navigate to url and open the home page                             # com.visionit.automation.stepdefs.StepDefs.navigate_to_url_and_open_the_home_page()
  When user search for product &quot;Laptop&quot;                                    # com.visionit.automation.stepdefs.StepDefs.user_search_for_product(java.lang.String)
  Then search result should display                                        # com.visionit.automation.stepdefs.StepDefs.search_result_should_display()
      java.lang.NullPointerException
	at com.visionit.automation.core.WebDriverFactory.quitTheBrowser(WebDriverFactory.java:54)
	at com.visionit.automation.stepdefs.StepDefs.tearDown(StepDefs.java:63)

</system-out>
  </testcase>
  <testcase classname="E-Commerce website health check" name="User open the browser and navigate to Url and search for product" time="2.778">
    <error type="java.lang.NullPointerException">java.lang.NullPointerException
	at com.visionit.automation.core.WebDriverFactory.quitTheBrowser(WebDriverFactory.java:54)
	at com.visionit.automation.stepdefs.StepDefs.tearDown(StepDefs.java:63)
</error>
  </testcase>
  <testcase classname="E-Commerce website health check" name="user click on desired product and check the product details" time="0.141">
    <error type="java.lang.NullPointerException">java.lang.NullPointerException
	at com.visionit.automation.core.WebDriverFactory.getWebDriverForBrowser(WebDriverFactory.java:38)
	at com.visionit.automation.stepdefs.StepDefs.setUp(StepDefs.java:52)
</error>
    <system-out>
@ui @healthCheck
Scenario: user click on desired product and check the product details # Features/healthCheck.feature:9
[FATAL] 2022-06-23 14:37:46.368 [main] WebDriverFactory - No such browser is implemented, browser name is: opera
      java.lang.NullPointerException
	at com.visionit.automation.core.WebDriverFactory.getWebDriverForBrowser(WebDriverFactory.java:38)
	at com.visionit.automation.stepdefs.StepDefs.setUp(StepDefs.java:52)

  Given navigate to url and open the home page                        # com.visionit.automation.stepdefs.StepDefs.navigate_to_url_and_open_the_home_page()
  And user search for product &quot;earphone&quot;                              # com.visionit.automation.stepdefs.StepDefs.user_search_for_product(java.lang.String)
  When user click on desired product                                  # com.visionit.automation.stepdefs.StepDefs.user_click_on_desired_product()
  Then product description shown on new tab                           # com.visionit.automation.stepdefs.StepDefs.product_description_shown_on_new_tab()
      java.lang.NullPointerException
	at com.visionit.automation.core.WebDriverFactory.quitTheBrowser(WebDriverFactory.java:54)
	at com.visionit.automation.stepdefs.StepDefs.tearDown(StepDefs.java:63)

</system-out>
  </testcase>
  <testcase classname="E-Commerce website health check" name="user click on desired product and check the product details" time="0.145">
    <error type="java.lang.NullPointerException">java.lang.NullPointerException
	at com.visionit.automation.core.WebDriverFactory.quitTheBrowser(WebDriverFactory.java:54)
	at com.visionit.automation.stepdefs.StepDefs.tearDown(StepDefs.java:63)
</error>
  </testcase>
</testsuite>